<?xml version="1.0" encoding="UTF-8"?>
<testng-results ignored="3" total="6" passed="2" failed="1" skipped="0">
  <reporter-output>
    <line>
      <![CDATA[Validating ---> Actual : *** The Insurance Savings You Expect ***. Expected : *** The Insurance Savings You Expect ***<br>]]>
    </line>
    <line>
      <![CDATA[14215 <--- This value has been passed into ---> [[ChromeDriver: chrome on WINDOWS (a3cd9b4f3eae32df8aa93e5a1e6ffeb9)] -> id: ssp-service-zip]<br>]]>
    </line>
    <line>
      <![CDATA[[[ChromeDriver: chrome on WINDOWS (a3cd9b4f3eae32df8aa93e5a1e6ffeb9)] -> xpath: //input[@value='Go']]---------> has been clicked<br>]]>
    </line>
    <line>
      <![CDATA[[[ChromeDriver: chrome on WINDOWS (a3cd9b4f3eae32df8aa93e5a1e6ffeb9)] -> xpath: (//div[@class='product-checkbox'])[3]]---------> has been clicked<br>]]>
    </line>
    <line>
      <![CDATA[[[ChromeDriver: chrome on WINDOWS (b5a4d82445895ad29200ad33db70e8f8)] -> xpath: //span[text()='Log In']//parent::a]---------> has been clicked<br>]]>
    </line>
    <line>
      <![CDATA[14215 <--- This value has been passed into ---> [[ChromeDriver: chrome on WINDOWS (b5a4d82445895ad29200ad33db70e8f8)] -> xpath: //span[text()='Log In']//parent::a]<br>]]>
    </line>
    <line>
      <![CDATA[Proxy element for: DefaultElementLocator 'By.xpath: (//button[@id='manageSubmit'])[1]'---------> has been clicked<br>]]>
    </line>
    <line>
      <![CDATA[[[ChromeDriver: chrome on WINDOWS (2728f420c3d3da054da8dab53ff1de6d)] -> xpath: //span[text()='Log In']//parent::a]---------> has been clicked<br>]]>
    </line>
    <line>
      <![CDATA[14215 <--- This value has been passed into ---> [[ChromeDriver: chrome on WINDOWS (2728f420c3d3da054da8dab53ff1de6d)] -> xpath: //span[text()='Log In']//parent::a]<br>]]>
    </line>
    <line>
      <![CDATA[Proxy element for: DefaultElementLocator 'By.xpath: (//button[@id='manageSubmit'])[1]'---------> has been clicked<br>]]>
    </line>
    <line>
      <![CDATA[numan <--- This value has been passed into ---> [[ChromeDriver: chrome on WINDOWS (2728f420c3d3da054da8dab53ff1de6d)] -> xpath: //input[@id='TextInputComponent-1']]<br>]]>
    </line>
    <line>
      <![CDATA[1234 <--- This value has been passed into ---> [[ChromeDriver: chrome on WINDOWS (2728f420c3d3da054da8dab53ff1de6d)] -> xpath: //input[@id='TextInputComponent-2']]<br>]]>
    </line>
  </reporter-output>
  <suite started-at="2023-02-07T21:41:10 EST" name="Suite" finished-at="2023-02-07T21:42:11 EST" duration-ms="61411">
    <groups>
    </groups>
    <test started-at="2023-02-07T21:41:10 EST" name="Test" finished-at="2023-02-07T21:42:11 EST" duration-ms="61411">
      <class name="test.LoginPageTest">
        <test-method is-config="true" signature="setUpDriver()[pri:0, instance:test.LoginPageTest@8458f04]" started-at="2023-02-07T21:41:32 EST" name="setUpDriver" finished-at="2023-02-07T21:41:35 EST" duration-ms="2474" status="PASS">
          <reporter-output>
          </reporter-output>
        </test-method> <!-- setUpDriver -->
        <test-method signature="loginTest()[pri:1, instance:test.LoginPageTest@8458f04]" started-at="2023-02-07T21:41:35 EST" name="loginTest" finished-at="2023-02-07T21:41:52 EST" duration-ms="16873" status="PASS">
          <reporter-output>
            <line>
              <![CDATA[[[ChromeDriver: chrome on WINDOWS (b5a4d82445895ad29200ad33db70e8f8)] -> xpath: //span[text()='Log In']//parent::a]---------> has been clicked<br>]]>
            </line>
            <line>
              <![CDATA[14215 <--- This value has been passed into ---> [[ChromeDriver: chrome on WINDOWS (b5a4d82445895ad29200ad33db70e8f8)] -> xpath: //span[text()='Log In']//parent::a]<br>]]>
            </line>
            <line>
              <![CDATA[Proxy element for: DefaultElementLocator 'By.xpath: (//button[@id='manageSubmit'])[1]'---------> has been clicked<br>]]>
            </line>
          </reporter-output>
        </test-method> <!-- loginTest -->
        <test-method is-config="true" signature="tearUp()[pri:0, instance:test.LoginPageTest@8458f04]" started-at="2023-02-07T21:41:52 EST" name="tearUp" finished-at="2023-02-07T21:41:52 EST" duration-ms="222" status="PASS">
          <reporter-output>
          </reporter-output>
        </test-method> <!-- tearUp -->
        <test-method is-config="true" signature="setUpDriver()[pri:0, instance:test.LoginPageTest@8458f04]" started-at="2023-02-07T21:41:52 EST" name="setUpDriver" finished-at="2023-02-07T21:41:54 EST" duration-ms="2142" status="PASS">
          <reporter-output>
          </reporter-output>
        </test-method> <!-- setUpDriver -->
        <test-method signature="userDataInput()[pri:2, instance:test.LoginPageTest@8458f04]" started-at="2023-02-07T21:41:54 EST" name="userDataInput" finished-at="2023-02-07T21:42:11 EST" depends-on-methods="test.LoginPageTest.loginTest" duration-ms="17166" status="PASS">
          <reporter-output>
            <line>
              <![CDATA[[[ChromeDriver: chrome on WINDOWS (2728f420c3d3da054da8dab53ff1de6d)] -> xpath: //span[text()='Log In']//parent::a]---------> has been clicked<br>]]>
            </line>
            <line>
              <![CDATA[14215 <--- This value has been passed into ---> [[ChromeDriver: chrome on WINDOWS (2728f420c3d3da054da8dab53ff1de6d)] -> xpath: //span[text()='Log In']//parent::a]<br>]]>
            </line>
            <line>
              <![CDATA[Proxy element for: DefaultElementLocator 'By.xpath: (//button[@id='manageSubmit'])[1]'---------> has been clicked<br>]]>
            </line>
            <line>
              <![CDATA[numan <--- This value has been passed into ---> [[ChromeDriver: chrome on WINDOWS (2728f420c3d3da054da8dab53ff1de6d)] -> xpath: //input[@id='TextInputComponent-1']]<br>]]>
            </line>
            <line>
              <![CDATA[1234 <--- This value has been passed into ---> [[ChromeDriver: chrome on WINDOWS (2728f420c3d3da054da8dab53ff1de6d)] -> xpath: //input[@id='TextInputComponent-2']]<br>]]>
            </line>
          </reporter-output>
        </test-method> <!-- userDataInput -->
        <test-method is-config="true" signature="tearUp()[pri:0, instance:test.LoginPageTest@8458f04]" started-at="2023-02-07T21:42:11 EST" name="tearUp" finished-at="2023-02-07T21:42:11 EST" duration-ms="241" status="PASS">
          <reporter-output>
          </reporter-output>
        </test-method> <!-- tearUp -->
      </class> <!-- test.LoginPageTest -->
      <class name="test.RentersQuoteTest">
        <test-method is-config="true" signature="setUpSuit()[pri:0, instance:test.RentersQuoteTest@d737b89]" started-at="2023-02-07T21:41:10 EST" name="setUpSuit" finished-at="2023-02-07T21:41:10 EST" duration-ms="14" status="PASS">
          <reporter-output>
          </reporter-output>
        </test-method> <!-- setUpSuit -->
        <test-method is-config="true" signature="setUpDriver()[pri:0, instance:test.RentersQuoteTest@d737b89]" started-at="2023-02-07T21:41:10 EST" name="setUpDriver" finished-at="2023-02-07T21:41:13 EST" duration-ms="3430" status="PASS">
          <reporter-output>
          </reporter-output>
        </test-method> <!-- setUpDriver -->
        <test-method signature="rentersQutoeTest()[pri:0, instance:test.RentersQuoteTest@d737b89]" started-at="2023-02-07T21:41:13 EST" name="rentersQutoeTest" finished-at="2023-02-07T21:41:32 EST" duration-ms="18516" status="FAIL">
          <exception class="org.openqa.selenium.ElementNotInteractableException">
            <message>
              <![CDATA[element not interactable
  (Session info: chrome=109.0.5414.121)
Build info: version: '4.6.0', revision: '79f1c02ae20'
System info: os.name: 'Windows 11', os.arch: 'amd64', os.version: '10.0', java.version: '11.0.16'
Driver info: org.openqa.selenium.chrome.ChromeDriver
Command: [a3cd9b4f3eae32df8aa93e5a1e6ffeb9, clickElement {id=09379040-865d-43ae-adab-a5f5c86f6e53}]
Capabilities {acceptInsecureCerts: false, browserName: chrome, browserVersion: 109.0.5414.121, chrome: {chromedriverVersion: 109.0.5414.74 (e7c5703604da..., userDataDir: C:\Users\numan\AppData\Loca...}, goog:chromeOptions: {debuggerAddress: localhost:50840}, networkConnectionEnabled: false, pageLoadStrategy: normal, platformName: WINDOWS, proxy: Proxy(), se:cdp: ws://localhost:50840/devtoo..., se:cdpVersion: 109.0.5414.121, setWindowRect: true, strictFileInteractability: false, timeouts: {implicit: 0, pageLoad: 300000, script: 30000}, unhandledPromptBehavior: dismiss and notify, webauthn:extension:credBlob: true, webauthn:extension:largeBlob: true, webauthn:virtualAuthenticators: true}
Element: [[ChromeDriver: chrome on WINDOWS (a3cd9b4f3eae32df8aa93e5a1e6ffeb9)] -> css selector: a.modal-trigger.btn.btn--primary.btn--full-mobile]
Session ID: a3cd9b4f3eae32df8aa93e5a1e6ffeb9]]>
            </message>
            <full-stacktrace>
              <![CDATA[org.openqa.selenium.ElementNotInteractableException: element not interactable
  (Session info: chrome=109.0.5414.121)
Build info: version: '4.6.0', revision: '79f1c02ae20'
System info: os.name: 'Windows 11', os.arch: 'amd64', os.version: '10.0', java.version: '11.0.16'
Driver info: org.openqa.selenium.chrome.ChromeDriver
Command: [a3cd9b4f3eae32df8aa93e5a1e6ffeb9, clickElement {id=09379040-865d-43ae-adab-a5f5c86f6e53}]
Capabilities {acceptInsecureCerts: false, browserName: chrome, browserVersion: 109.0.5414.121, chrome: {chromedriverVersion: 109.0.5414.74 (e7c5703604da..., userDataDir: C:\Users\numan\AppData\Loca...}, goog:chromeOptions: {debuggerAddress: localhost:50840}, networkConnectionEnabled: false, pageLoadStrategy: normal, platformName: WINDOWS, proxy: Proxy(), se:cdp: ws://localhost:50840/devtoo..., se:cdpVersion: 109.0.5414.121, setWindowRect: true, strictFileInteractability: false, timeouts: {implicit: 0, pageLoad: 300000, script: 30000}, unhandledPromptBehavior: dismiss and notify, webauthn:extension:credBlob: true, webauthn:extension:largeBlob: true, webauthn:virtualAuthenticators: true}
Element: [[ChromeDriver: chrome on WINDOWS (a3cd9b4f3eae32df8aa93e5a1e6ffeb9)] -> css selector: a.modal-trigger.btn.btn--primary.btn--full-mobile]
Session ID: a3cd9b4f3eae32df8aa93e5a1e6ffeb9
at java.base/jdk.internal.reflect.NativeConstructorAccessorImpl.newInstance0(Native Method)
at java.base/jdk.internal.reflect.NativeConstructorAccessorImpl.newInstance(NativeConstructorAccessorImpl.java:62)
at java.base/jdk.internal.reflect.DelegatingConstructorAccessorImpl.newInstance(DelegatingConstructorAccessorImpl.java:45)
at java.base/java.lang.reflect.Constructor.newInstance(Constructor.java:490)
at org.openqa.selenium.remote.codec.w3c.W3CHttpResponseCodec.createException(W3CHttpResponseCodec.java:200)
at org.openqa.selenium.remote.codec.w3c.W3CHttpResponseCodec.decode(W3CHttpResponseCodec.java:133)
at org.openqa.selenium.remote.codec.w3c.W3CHttpResponseCodec.decode(W3CHttpResponseCodec.java:53)
at org.openqa.selenium.remote.HttpCommandExecutor.execute(HttpCommandExecutor.java:184)
at org.openqa.selenium.remote.service.DriverCommandExecutor.invokeExecute(DriverCommandExecutor.java:167)
at org.openqa.selenium.remote.service.DriverCommandExecutor.execute(DriverCommandExecutor.java:142)
at org.openqa.selenium.remote.RemoteWebDriver.execute(RemoteWebDriver.java:541)
at org.openqa.selenium.remote.RemoteWebElement.execute(RemoteWebElement.java:257)
at org.openqa.selenium.remote.RemoteWebElement.click(RemoteWebElement.java:78)
at java.base/jdk.internal.reflect.NativeMethodAccessorImpl.invoke0(Native Method)
at java.base/jdk.internal.reflect.NativeMethodAccessorImpl.invoke(NativeMethodAccessorImpl.java:62)
at java.base/jdk.internal.reflect.DelegatingMethodAccessorImpl.invoke(DelegatingMethodAccessorImpl.java:43)
at java.base/java.lang.reflect.Method.invoke(Method.java:566)
at org.openqa.selenium.support.pagefactory.internal.LocatingElementHandler.invoke(LocatingElementHandler.java:52)
at com.sun.proxy.$Proxy17.click(Unknown Source)
at common.CommonAction.click(CommonAction.java:11)
at pages.RentersAboutYouPage.clickStratMyQuote(RentersAboutYouPage.java:42)
at test.RentersQuoteTest.rentersQutoeTest(RentersQuoteTest.java:15)
at java.base/jdk.internal.reflect.NativeMethodAccessorImpl.invoke0(Native Method)
at java.base/jdk.internal.reflect.NativeMethodAccessorImpl.invoke(NativeMethodAccessorImpl.java:62)
at java.base/jdk.internal.reflect.DelegatingMethodAccessorImpl.invoke(DelegatingMethodAccessorImpl.java:43)
at java.base/java.lang.reflect.Method.invoke(Method.java:566)
at org.testng.internal.invokers.MethodInvocationHelper.invokeMethod(MethodInvocationHelper.java:139)
at org.testng.internal.invokers.TestInvoker.invokeMethod(TestInvoker.java:677)
at org.testng.internal.invokers.TestInvoker.invokeTestMethod(TestInvoker.java:221)
at org.testng.internal.invokers.MethodRunner.runInSequence(MethodRunner.java:50)
at org.testng.internal.invokers.TestInvoker$MethodInvocationAgent.invoke(TestInvoker.java:962)
at org.testng.internal.invokers.TestInvoker.invokeTestMethods(TestInvoker.java:194)
at org.testng.internal.invokers.TestMethodWorker.invokeTestMethods(TestMethodWorker.java:148)
at org.testng.internal.invokers.TestMethodWorker.run(TestMethodWorker.java:128)
at java.base/java.util.ArrayList.forEach(ArrayList.java:1541)
at org.testng.TestRunner.privateRun(TestRunner.java:806)
at org.testng.TestRunner.run(TestRunner.java:601)
at org.testng.SuiteRunner.runTest(SuiteRunner.java:433)
at org.testng.SuiteRunner.runSequentially(SuiteRunner.java:427)
at org.testng.SuiteRunner.privateRun(SuiteRunner.java:387)
at org.testng.SuiteRunner.run(SuiteRunner.java:330)
at org.testng.SuiteRunnerWorker.runSuite(SuiteRunnerWorker.java:52)
at org.testng.SuiteRunnerWorker.run(SuiteRunnerWorker.java:95)
at org.testng.TestNG.runSuitesSequentially(TestNG.java:1256)
at org.testng.TestNG.runSuitesLocally(TestNG.java:1176)
at org.testng.TestNG.runSuites(TestNG.java:1099)
at org.testng.TestNG.run(TestNG.java:1067)
at org.testng.remote.AbstractRemoteTestNG.run(AbstractRemoteTestNG.java:115)
at org.testng.remote.RemoteTestNG.initAndRun(RemoteTestNG.java:251)
at org.testng.remote.RemoteTestNG.main(RemoteTestNG.java:77)
]]>
            </full-stacktrace>
          </exception> <!-- org.openqa.selenium.ElementNotInteractableException -->
          <reporter-output>
            <line>
              <![CDATA[Validating ---> Actual : *** The Insurance Savings You Expect ***. Expected : *** The Insurance Savings You Expect ***<br>]]>
            </line>
            <line>
              <![CDATA[14215 <--- This value has been passed into ---> [[ChromeDriver: chrome on WINDOWS (a3cd9b4f3eae32df8aa93e5a1e6ffeb9)] -> id: ssp-service-zip]<br>]]>
            </line>
            <line>
              <![CDATA[[[ChromeDriver: chrome on WINDOWS (a3cd9b4f3eae32df8aa93e5a1e6ffeb9)] -> xpath: //input[@value='Go']]---------> has been clicked<br>]]>
            </line>
            <line>
              <![CDATA[[[ChromeDriver: chrome on WINDOWS (a3cd9b4f3eae32df8aa93e5a1e6ffeb9)] -> xpath: (//div[@class='product-checkbox'])[3]]---------> has been clicked<br>]]>
            </line>
          </reporter-output>
        </test-method> <!-- rentersQutoeTest -->
        <test-method is-config="true" signature="tearUp()[pri:0, instance:test.RentersQuoteTest@d737b89]" started-at="2023-02-07T21:41:32 EST" name="tearUp" finished-at="2023-02-07T21:41:32 EST" duration-ms="314" status="PASS">
          <reporter-output>
          </reporter-output>
        </test-method> <!-- tearUp -->
      </class> <!-- test.RentersQuoteTest -->
    </test> <!-- Test -->
  </suite> <!-- Suite -->
</testng-results>
