<?xml version="1.0" encoding="UTF-8"?>
<testng-results ignored="0" total="1" passed="1" failed="0" skipped="0">
  <reporter-output>
  </reporter-output>
  <suite started-at="2023-02-03T14:25:03 EST" name="Default suite" finished-at="2023-02-03T14:25:06 EST" duration-ms="3082">
    <groups>
    </groups>
    <test started-at="2023-02-03T14:25:03 EST" name="Default test" finished-at="2023-02-03T14:25:06 EST" duration-ms="3082">
      <class name="test.AutoTest">
        <test-method is-config="true" signature="setUpSuit()[pri:0, instance:test.AutoTest@79e4c792]" started-at="2023-02-03T14:25:03 EST" name="setUpSuit" finished-at="2023-02-03T14:25:03 EST" duration-ms="14" status="PASS">
          <reporter-output>
          </reporter-output>
        </test-method> <!-- setUpSuit -->
        <test-method is-config="true" signature="setUpDriver()[pri:0, instance:test.AutoTest@79e4c792]" started-at="2023-02-03T14:25:03 EST" name="setUpDriver" finished-at="2023-02-03T14:25:06 EST" duration-ms="2867" status="PASS">
          <reporter-output>
          </reporter-output>
        </test-method> <!-- setUpDriver -->
        <test-method signature="sampleTeat()[pri:0, instance:test.AutoTest@79e4c792]" started-at="2023-02-03T14:25:06 EST" name="sampleTeat" finished-at="2023-02-03T14:25:06 EST" duration-ms="4" status="PASS">
          <reporter-output>
          </reporter-output>
        </test-method> <!-- sampleTeat -->
        <test-method is-config="true" signature="tearUp()[pri:0, instance:test.AutoTest@79e4c792]" started-at="2023-02-03T14:25:06 EST" name="tearUp" finished-at="2023-02-03T14:25:06 EST" duration-ms="187" status="PASS">
          <reporter-output>
          </reporter-output>
        </test-method> <!-- tearUp -->
      </class> <!-- test.AutoTest -->
    </test> <!-- Default test -->
  </suite> <!-- Default suite -->
</testng-results>
